<?xml version="1.0" encoding="UTF-8"?>
<!-- Generated by org.testng.reporters.JUnitReportReporter -->
<testsuite hostname="DESKTOP-IDGKHU6" failures="0" tests="2" name="rajeshautomationlearnings.Tests.ErrorValidation" time="19.272" errors="0" timestamp="2024-09-13T12:18:08 IST" skipped="0">
  <testcase classname="rajeshautomationlearnings.Tests.ErrorValidation" name="productErrorValidation" time="16.334"/>
  <testcase classname="rajeshautomationlearnings.Tests.ErrorValidation" name="loginErrorValidation" time="2.938"/>
</testsuite> <!-- rajeshautomationlearnings.Tests.ErrorValidation -->
