<?xml version="1.0" encoding="UTF-8"?>
<!-- Generated by org.testng.reporters.JUnitReportReporter -->
<testsuite hostname="DESKTOP-IDGKHU6" failures="0" tests="3" name="rajeshautomationlearnings.Tests.SubmitOrderTest" time="43.973" errors="0" timestamp="2024-10-04T13:20:55 IST" skipped="0">
  <testcase classname="rajeshautomationlearnings.Tests.SubmitOrderTest" name="SubmitOrder" time="23.512"/>
  <testcase classname="rajeshautomationlearnings.Tests.SubmitOrderTest" name="SubmitOrder" time="17.605"/>
  <testcase classname="rajeshautomationlearnings.Tests.SubmitOrderTest" name="orderHistoryTest" time="2.856"/>
</testsuite> <!-- rajeshautomationlearnings.Tests.SubmitOrderTest -->
