<?xml version="1.0" encoding="UTF-8"?>
<!-- Generated by org.testng.reporters.JUnitReportReporter -->
<testsuite hostname="DESKTOP-IDGKHU6" failures="0" tests="2" name="cucumber.TestNGTestRunner" time="22.564" errors="0" timestamp="2024-10-04T14:17:56 IST" skipped="0">
  <testcase classname="cucumber.TestNGTestRunner" name="runScenario" time="3.870"/>
  <testcase classname="cucumber.TestNGTestRunner" name="runScenario" time="18.694"/>
</testsuite> <!-- cucumber.TestNGTestRunner -->
