<?xml version="1.0" encoding="UTF-8"?>
<!-- Generated by org.testng.reporters.JUnitReportReporter -->
<testsuite hostname="DESKTOP-IDGKHU6" failures="0" tests="2" name="rajeshautomationlearnings.Tests.ErrorValidationTest" time="31.736" errors="0" timestamp="2024-10-02T11:57:23 IST" skipped="0">
  <testcase classname="rajeshautomationlearnings.Tests.ErrorValidationTest" name="productErrorValidation" time="27.438"/>
  <testcase classname="rajeshautomationlearnings.Tests.ErrorValidationTest" name="loginErrorValidation" time="4.298"/>
</testsuite> <!-- rajeshautomationlearnings.Tests.ErrorValidationTest -->
