<?xml version="1.0" encoding="UTF-8"?>
<!-- Generated by org.testng.reporters.JUnitReportReporter -->
<testsuite hostname="DESKTOP-IDGKHU6" failures="0" tests="3" name="rajeshautomationlearnings.Tests.SubmitOrderTest" time="41.723" errors="0" timestamp="2024-10-04T15:01:30 IST" skipped="0">
  <testcase classname="rajeshautomationlearnings.Tests.SubmitOrderTest" name="orderHistoryTest" time="6.072"/>
  <testcase classname="rajeshautomationlearnings.Tests.SubmitOrderTest" name="SubmitOrder" time="17.316"/>
  <testcase classname="rajeshautomationlearnings.Tests.SubmitOrderTest" name="SubmitOrder" time="18.335"/>
</testsuite> <!-- rajeshautomationlearnings.Tests.SubmitOrderTest -->
